<?xml version="1.0" encoding="UTF-8"?>
<testng-results skipped="0" failed="0" ignored="0" total="2" passed="2">
  <reporter-output>
  </reporter-output>
  <suite name="Default suite" duration-ms="6767" started-at="2021-09-21T04:23:28Z" finished-at="2021-09-21T04:23:35Z">
    <groups>
    </groups>
    <test name="Default test" duration-ms="6767" started-at="2021-09-21T04:23:28Z" finished-at="2021-09-21T04:23:35Z">
      <class name="API.APItesting">
        <test-method status="PASS" signature="addUser()[pri:0, instance:API.APItesting@49fc609f]" name="addUser" duration-ms="4906" started-at="2021-09-20T23:23:28Z" finished-at="2021-09-20T23:23:33Z">
          <reporter-output>
          </reporter-output>
        </test-method> <!-- addUser -->
        <test-method status="PASS" signature="getUser()[pri:0, instance:API.APItesting@49fc609f]" name="getUser" duration-ms="1842" started-at="2021-09-20T23:23:33Z" finished-at="2021-09-20T23:23:35Z">
          <reporter-output>
          </reporter-output>
        </test-method> <!-- getUser -->
      </class> <!-- API.APItesting -->
    </test> <!-- Default test -->
  </suite> <!-- Default suite -->
</testng-results>
