<?xml version="1.0" encoding="UTF-8"?>
<testng-results skipped="0" failed="0" ignored="0" total="1" passed="1">
  <reporter-output>
  </reporter-output>
  <suite name="Default suite" duration-ms="6071" started-at="2021-09-21T03:55:05Z" finished-at="2021-09-21T03:55:11Z">
    <groups>
    </groups>
    <test name="Default test" duration-ms="6071" started-at="2021-09-21T03:55:05Z" finished-at="2021-09-21T03:55:11Z">
      <class name="goRestAPI">
        <test-method status="PASS" signature="getUser()[pri:0, instance:goRestAPI@5442a311]" name="getUser" duration-ms="6052" started-at="2021-09-20T22:55:05Z" finished-at="2021-09-20T22:55:11Z">
          <reporter-output>
          </reporter-output>
        </test-method> <!-- getUser -->
      </class> <!-- goRestAPI -->
    </test> <!-- Default test -->
  </suite> <!-- Default suite -->
</testng-results>
